{"C:\\sensorvision\\frontend\\src\\config.ts": {"path":"C:\\sensorvision\\frontend\\src\\config.ts","statementMap":{"0":{"start":{"line":3,"column":43},"end":{"line":11,"column":null}},"1":{"start":{"line":5,"column":2},"end":{"line":7,"column":null}},"2":{"start":{"line":6,"column":4},"end":{"line":6,"column":null}},"3":{"start":{"line":10,"column":2},"end":{"line":10,"column":null}},"4":{"start":{"line":13,"column":29},"end":{"line":23,"column":null}},"5":{"start":{"line":15,"column":2},"end":{"line":19,"column":null}},"6":{"start":{"line":18,"column":4},"end":{"line":18,"column":null}},"7":{"start":{"line":22,"column":2},"end":{"line":22,"column":null}},"8":{"start":{"line":25,"column":31},"end":{"line":36,"column":null}},"9":{"start":{"line":27,"column":2},"end":{"line":32,"column":null}},"10":{"start":{"line":28,"column":21},"end":{"line":28,"column":null}},"11":{"start":{"line":29,"column":17},"end":{"line":29,"column":null}},"12":{"start":{"line":31,"column":4},"end":{"line":31,"column":null}},"13":{"start":{"line":35,"column":2},"end":{"line":35,"column":null}},"14":{"start":{"line":39,"column":22},"end":{"line":49,"column":null}},"15":{"start":{"line":41,"column":4},"end":{"line":41,"column":null}},"16":{"start":{"line":44,"column":4},"end":{"line":44,"column":null}},"17":{"start":{"line":47,"column":4},"end":{"line":47,"column":null}}},"fnMap":{"0":{"name":"(anonymous_0)","decl":{"start":{"line":3,"column":43},"end":{"line":3,"column":null}},"loc":{"start":{"line":3,"column":43},"end":{"line":11,"column":null}},"line":3},"1":{"name":"(anonymous_1)","decl":{"start":{"line":13,"column":29},"end":{"line":13,"column":43}},"loc":{"start":{"line":13,"column":43},"end":{"line":23,"column":null}},"line":13},"2":{"name":"(anonymous_2)","decl":{"start":{"line":25,"column":31},"end":{"line":25,"column":45}},"loc":{"start":{"line":25,"column":45},"end":{"line":36,"column":null}},"line":25},"3":{"name":"(anonymous_3)","decl":{"start":{"line":40,"column":6},"end":{"line":40,"column":19}},"loc":{"start":{"line":40,"column":19},"end":{"line":42,"column":null}},"line":40},"4":{"name":"(anonymous_4)","decl":{"start":{"line":43,"column":6},"end":{"line":43,"column":19}},"loc":{"start":{"line":43,"column":19},"end":{"line":45,"column":null}},"line":43},"5":{"name":"(anonymous_5)","decl":{"start":{"line":46,"column":6},"end":{"line":46,"column":21}},"loc":{"start":{"line":46,"column":21},"end":{"line":48,"column":null}},"line":46}},"branchMap":{"0":{"loc":{"start":{"line":5,"column":2},"end":{"line":7,"column":null}},"type":"if","locations":[{"start":{"line":5,"column":2},"end":{"line":7,"column":null}},{"start":{},"end":{}}],"line":5},"1":{"loc":{"start":{"line":15,"column":2},"end":{"line":19,"column":null}},"type":"if","locations":[{"start":{"line":15,"column":2},"end":{"line":19,"column":null}},{"start":{},"end":{}}],"line":15},"2":{"loc":{"start":{"line":27,"column":2},"end":{"line":32,"column":null}},"type":"if","locations":[{"start":{"line":27,"column":2},"end":{"line":32,"column":null}},{"start":{},"end":{}}],"line":27},"3":{"loc":{"start":{"line":28,"column":21},"end":{"line":28,"column":null}},"type":"cond-expr","locations":[{"start":{"line":28,"column":61},"end":{"line":28,"column":70}},{"start":{"line":28,"column":70},"end":{"line":28,"column":null}}],"line":28}},"s":{"0":1,"1":1,"2":0,"3":1,"4":1,"5":1,"6":0,"7":1,"8":1,"9":1,"10":0,"11":0,"12":0,"13":1,"14":1,"15":0,"16":0,"17":0},"f":{"0":1,"1":1,"2":1,"3":0,"4":0,"5":0},"b":{"0":[0,1],"1":[0,1],"2":[0,1],"3":[0,0]},"meta":{"lastBranch":4,"lastFunction":6,"lastStatement":18,"seen":{"s:3:43:11:Infinity":0,"f:3:43:3:Infinity":0,"b:5:2:7:Infinity:undefined:undefined:undefined:undefined":0,"s:5:2:7:Infinity":1,"s:6:4:6:Infinity":2,"s:10:2:10:Infinity":3,"s:13:29:23:Infinity":4,"f:13:29:13:43":1,"b:15:2:19:Infinity:undefined:undefined:undefined:undefined":1,"s:15:2:19:Infinity":5,"s:18:4:18:Infinity":6,"s:22:2:22:Infinity":7,"s:25:31:36:Infinity":8,"f:25:31:25:45":2,"b:27:2:32:Infinity:undefined:undefined:undefined:undefined":2,"s:27:2:32:Infinity":9,"s:28:21:28:Infinity":10,"b:28:61:28:70:28:70:28:Infinity":3,"s:29:17:29:Infinity":11,"s:31:4:31:Infinity":12,"s:35:2:35:Infinity":13,"s:39:22:49:Infinity":14,"f:40:6:40:19":3,"s:41:4:41:Infinity":15,"f:43:6:43:19":4,"s:44:4:44:Infinity":16,"f:46:6:46:21":5,"s:47:4:47:Infinity":17}}}
,"C:\\sensorvision\\frontend\\src\\pages\\IntegrationWizard.tsx": {"path":"C:\\sensorvision\\frontend\\src\\pages\\IntegrationWizard.tsx","statementMap":{"0":{"start":{"line":31,"column":53},"end":{"line":38,"column":null}},"1":{"start":{"line":40,"column":36},"end":{"line":83,"column":null}},"2":{"start":{"line":91,"column":43},"end":{"line":989,"column":null}},"3":{"start":{"line":92,"column":36},"end":{"line":92,"column":null}},"4":{"start":{"line":93,"column":46},"end":{"line":93,"column":null}},"5":{"start":{"line":94,"column":30},"end":{"line":94,"column":null}},"6":{"start":{"line":95,"column":34},"end":{"line":95,"column":null}},"7":{"start":{"line":96,"column":30},"end":{"line":96,"column":null}},"8":{"start":{"line":97,"column":48},"end":{"line":97,"column":null}},"9":{"start":{"line":98,"column":40},"end":{"line":98,"column":null}},"10":{"start":{"line":99,"column":52},"end":{"line":99,"column":null}},"11":{"start":{"line":100,"column":48},"end":{"line":100,"column":null}},"12":{"start":{"line":101,"column":44},"end":{"line":101,"column":null}},"13":{"start":{"line":102,"column":28},"end":{"line":102,"column":null}},"14":{"start":{"line":103,"column":48},"end":{"line":103,"column":null}},"15":{"start":{"line":104,"column":26},"end":{"line":104,"column":null}},"16":{"start":{"line":105,"column":17},"end":{"line":105,"column":null}},"17":{"start":{"line":107,"column":21},"end":{"line":107,"column":null}},"18":{"start":{"line":109,"column":20},"end":{"line":116,"column":null}},"19":{"start":{"line":110,"column":15},"end":{"line":110,"column":null}},"20":{"start":{"line":111,"column":4},"end":{"line":111,"column":null}},"21":{"start":{"line":111,"column":24},"end":{"line":111,"column":56}},"22":{"start":{"line":113,"column":4},"end":{"line":115,"column":null}},"23":{"start":{"line":114,"column":6},"end":{"line":114,"column":null}},"24":{"start":{"line":114,"column":26},"end":{"line":114,"column":65}},"25":{"start":{"line":114,"column":49},"end":{"line":114,"column":64}},"26":{"start":{"line":118,"column":23},"end":{"line":122,"column":null}},"27":{"start":{"line":119,"column":4},"end":{"line":121,"column":null}},"28":{"start":{"line":120,"column":6},"end":{"line":120,"column":null}},"29":{"start":{"line":124,"column":27},"end":{"line":133,"column":null}},"30":{"start":{"line":125,"column":4},"end":{"line":132,"column":null}},"31":{"start":{"line":127,"column":6},"end":{"line":130,"column":null}},"32":{"start":{"line":128,"column":8},"end":{"line":128,"column":null}},"33":{"start":{"line":129,"column":8},"end":{"line":129,"column":null}},"34":{"start":{"line":131,"column":6},"end":{"line":131,"column":null}},"35":{"start":{"line":135,"column":31},"end":{"line":138,"column":null}},"36":{"start":{"line":136,"column":4},"end":{"line":136,"column":null}},"37":{"start":{"line":137,"column":4},"end":{"line":137,"column":null}},"38":{"start":{"line":140,"column":28},"end":{"line":279,"column":null}},"39":{"start":{"line":141,"column":4},"end":{"line":141,"column":null}},"40":{"start":{"line":141,"column":58},"end":{"line":141,"column":null}},"41":{"start":{"line":145,"column":4},"end":{"line":148,"column":null}},"42":{"start":{"line":146,"column":6},"end":{"line":146,"column":null}},"43":{"start":{"line":147,"column":6},"end":{"line":147,"column":null}},"44":{"start":{"line":150,"column":4},"end":{"line":150,"column":null}},"45":{"start":{"line":151,"column":4},"end":{"line":278,"column":null}},"46":{"start":{"line":153,"column":25},"end":{"line":153,"column":null}},"47":{"start":{"line":156,"column":6},"end":{"line":162,"column":null}},"48":{"start":{"line":157,"column":8},"end":{"line":157,"column":null}},"49":{"start":{"line":158,"column":8},"end":{"line":158,"column":null}},"50":{"start":{"line":161,"column":8},"end":{"line":161,"column":null}},"51":{"start":{"line":164,"column":6},"end":{"line":233,"column":null}},"52":{"start":{"line":166,"column":8},"end":{"line":207,"column":null}},"53":{"start":{"line":168,"column":29},"end":{"line":172,"column":null}},"54":{"start":{"line":174,"column":10},"end":{"line":178,"column":null}},"55":{"start":{"line":176,"column":12},"end":{"line":176,"column":null}},"56":{"start":{"line":177,"column":12},"end":{"line":177,"column":null}},"57":{"start":{"line":181,"column":10},"end":{"line":181,"column":null}},"58":{"start":{"line":184,"column":10},"end":{"line":184,"column":null}},"59":{"start":{"line":187,"column":10},"end":{"line":206,"column":null}},"60":{"start":{"line":188,"column":12},"end":{"line":191,"column":null}},"61":{"start":{"line":195,"column":12},"end":{"line":195,"column":null}},"62":{"start":{"line":198,"column":35},"end":{"line":198,"column":null}},"63":{"start":{"line":199,"column":12},"end":{"line":202,"column":null}},"64":{"start":{"line":201,"column":14},"end":{"line":201,"column":null}},"65":{"start":{"line":204,"column":12},"end":{"line":204,"column":null}},"66":{"start":{"line":205,"column":12},"end":{"line":205,"column":null}},"67":{"start":{"line":210,"column":8},"end":{"line":214,"column":null}},"68":{"start":{"line":211,"column":10},"end":{"line":211,"column":null}},"69":{"start":{"line":212,"column":10},"end":{"line":212,"column":null}},"70":{"start":{"line":213,"column":10},"end":{"line":213,"column":null}},"71":{"start":{"line":217,"column":8},"end":{"line":232,"column":null}},"72":{"start":{"line":218,"column":28},"end":{"line":218,"column":null}},"73":{"start":{"line":220,"column":10},"end":{"line":225,"column":null}},"74":{"start":{"line":221,"column":12},"end":{"line":221,"column":null}},"75":{"start":{"line":224,"column":12},"end":{"line":224,"column":null}},"76":{"start":{"line":228,"column":10},"end":{"line":228,"column":null}},"77":{"start":{"line":229,"column":10},"end":{"line":229,"column":null}},"78":{"start":{"line":230,"column":10},"end":{"line":230,"column":null}},"79":{"start":{"line":231,"column":10},"end":{"line":231,"column":null}},"80":{"start":{"line":235,"column":6},"end":{"line":242,"column":null}},"81":{"start":{"line":236,"column":8},"end":{"line":236,"column":null}},"82":{"start":{"line":237,"column":8},"end":{"line":237,"column":null}},"83":{"start":{"line":238,"column":8},"end":{"line":238,"column":null}},"84":{"start":{"line":239,"column":8},"end":{"line":239,"column":null}},"85":{"start":{"line":241,"column":8},"end":{"line":241,"column":null}},"86":{"start":{"line":244,"column":6},"end":{"line":244,"column":null}},"87":{"start":{"line":247,"column":6},"end":{"line":254,"column":null}},"88":{"start":{"line":248,"column":8},"end":{"line":253,"column":null}},"89":{"start":{"line":256,"column":27},"end":{"line":256,"column":null}},"90":{"start":{"line":259,"column":6},"end":{"line":275,"column":null}},"91":{"start":{"line":260,"column":8},"end":{"line":265,"column":null}},"92":{"start":{"line":266,"column":6},"end":{"line":275,"column":null}},"93":{"start":{"line":267,"column":8},"end":{"line":272,"column":null}},"94":{"start":{"line":274,"column":8},"end":{"line":274,"column":null}},"95":{"start":{"line":277,"column":6},"end":{"line":277,"column":null}},"96":{"start":{"line":281,"column":23},"end":{"line":487,"column":null}},"97":{"start":{"line":282,"column":15},"end":{"line":282,"column":null}},"98":{"start":{"line":284,"column":4},"end":{"line":484,"column":null}},"99":{"start":{"line":287,"column":8},"end":{"line":297,"column":null}},"100":{"start":{"line":346,"column":8},"end":{"line":346,"column":null}},"101":{"start":{"line":350,"column":8},"end":{"line":357,"column":null}},"102":{"start":{"line":397,"column":8},"end":{"line":397,"column":null}},"103":{"start":{"line":400,"column":8},"end":{"line":405,"column":null}},"104":{"start":{"line":447,"column":8},"end":{"line":447,"column":null}},"105":{"start":{"line":450,"column":8},"end":{"line":455,"column":null}},"106":{"start":{"line":483,"column":8},"end":{"line":483,"column":null}},"107":{"start":{"line":486,"column":4},"end":{"line":486,"column":null}},"108":{"start":{"line":489,"column":26},"end":{"line":497,"column":null}},"109":{"start":{"line":490,"column":4},"end":{"line":496,"column":null}},"110":{"start":{"line":491,"column":6},"end":{"line":491,"column":null}},"111":{"start":{"line":492,"column":6},"end":{"line":492,"column":null}},"112":{"start":{"line":494,"column":6},"end":{"line":494,"column":null}},"113":{"start":{"line":495,"column":6},"end":{"line":495,"column":null}},"114":{"start":{"line":500,"column":27},"end":{"line":508,"column":null}},"115":{"start":{"line":503,"column":4},"end":{"line":507,"column":null}},"116":{"start":{"line":510,"column":23},"end":{"line":529,"column":null}},"117":{"start":{"line":511,"column":49},"end":{"line":518,"column":null}},"118":{"start":{"line":520,"column":25},"end":{"line":520,"column":null}},"119":{"start":{"line":521,"column":21},"end":{"line":521,"column":null}},"120":{"start":{"line":522,"column":17},"end":{"line":522,"column":null}},"121":{"start":{"line":523,"column":16},"end":{"line":523,"column":null}},"122":{"start":{"line":524,"column":14},"end":{"line":524,"column":null}},"123":{"start":{"line":525,"column":4},"end":{"line":525,"column":null}},"124":{"start":{"line":526,"column":4},"end":{"line":526,"column":null}},"125":{"start":{"line":527,"column":4},"end":{"line":527,"column":null}},"126":{"start":{"line":528,"column":4},"end":{"line":528,"column":null}},"127":{"start":{"line":531,"column":25},"end":{"line":563,"column":null}},"128":{"start":{"line":532,"column":4},"end":{"line":532,"column":null}},"129":{"start":{"line":533,"column":4},"end":{"line":533,"column":null}},"130":{"start":{"line":534,"column":4},"end":{"line":534,"column":null}},"131":{"start":{"line":536,"column":4},"end":{"line":562,"column":null}},"132":{"start":{"line":538,"column":23},"end":{"line":549,"column":null}},"133":{"start":{"line":551,"column":6},"end":{"line":557,"column":null}},"134":{"start":{"line":552,"column":8},"end":{"line":552,"column":null}},"135":{"start":{"line":553,"column":8},"end":{"line":553,"column":null}},"136":{"start":{"line":555,"column":22},"end":{"line":555,"column":null}},"137":{"start":{"line":556,"column":8},"end":{"line":556,"column":null}},"138":{"start":{"line":559,"column":6},"end":{"line":559,"column":null}},"139":{"start":{"line":561,"column":6},"end":{"line":561,"column":null}},"140":{"start":{"line":565,"column":21},"end":{"line":895,"column":null}},"141":{"start":{"line":566,"column":4},"end":{"line":894,"column":null}},"142":{"start":{"line":568,"column":8},"end":{"line":601,"column":null}},"143":{"start":{"line":582,"column":29},"end":{"line":582,"column":null}},"144":{"start":{"line":583,"column":16},"end":{"line":597,"column":null}},"145":{"start":{"line":586,"column":35},"end":{"line":586,"column":null}},"146":{"start":{"line":605,"column":8},"end":{"line":678,"column":null}},"147":{"start":{"line":623,"column":37},"end":{"line":623,"column":null}},"148":{"start":{"line":640,"column":37},"end":{"line":640,"column":null}},"149":{"start":{"line":658,"column":39},"end":{"line":658,"column":null}},"150":{"start":{"line":682,"column":8},"end":{"line":736,"column":null}},"151":{"start":{"line":690,"column":61},"end":{"line":690,"column":86}},"152":{"start":{"line":740,"column":8},"end":{"line":802,"column":null}},"153":{"start":{"line":806,"column":8},"end":{"line":889,"column":null}},"154":{"start":{"line":876,"column":20},"end":{"line":876,"column":null}},"155":{"start":{"line":877,"column":20},"end":{"line":877,"column":null}},"156":{"start":{"line":878,"column":20},"end":{"line":878,"column":null}},"157":{"start":{"line":879,"column":20},"end":{"line":879,"column":null}},"158":{"start":{"line":880,"column":20},"end":{"line":880,"column":null}},"159":{"start":{"line":881,"column":20},"end":{"line":881,"column":null}},"160":{"start":{"line":893,"column":8},"end":{"line":893,"column":null}},"161":{"start":{"line":897,"column":2},"end":{"line":987,"column":null}},"162":{"start":{"line":914,"column":14},"end":{"line":935,"column":null}},"163":{"start":{"line":967,"column":10},"end":{"line":984,"column":null}}},"fnMap":{"0":{"name":"(anonymous_0)","decl":{"start":{"line":91,"column":43},"end":{"line":91,"column":49}},"loc":{"start":{"line":91,"column":49},"end":{"line":989,"column":null}},"line":91},"1":{"name":"(anonymous_1)","decl":{"start":{"line":109,"column":20},"end":{"line":109,"column":21}},"loc":{"start":{"line":109,"column":77},"end":{"line":116,"column":null}},"line":109},"2":{"name":"(anonymous_2)","decl":{"start":{"line":111,"column":14},"end":{"line":111,"column":15}},"loc":{"start":{"line":111,"column":24},"end":{"line":111,"column":56}},"line":111},"3":{"name":"(anonymous_3)","decl":{"start":{"line":113,"column":15},"end":{"line":113,"column":21}},"loc":{"start":{"line":113,"column":21},"end":{"line":115,"column":7}},"line":113},"4":{"name":"(anonymous_4)","decl":{"start":{"line":114,"column":16},"end":{"line":114,"column":17}},"loc":{"start":{"line":114,"column":26},"end":{"line":114,"column":65}},"line":114},"5":{"name":"(anonymous_5)","decl":{"start":{"line":114,"column":38},"end":{"line":114,"column":39}},"loc":{"start":{"line":114,"column":49},"end":{"line":114,"column":64}},"line":114},"6":{"name":"(anonymous_6)","decl":{"start":{"line":118,"column":23},"end":{"line":118,"column":29}},"loc":{"start":{"line":118,"column":29},"end":{"line":122,"column":null}},"line":118},"7":{"name":"(anonymous_7)","decl":{"start":{"line":124,"column":27},"end":{"line":124,"column":33}},"loc":{"start":{"line":124,"column":33},"end":{"line":133,"column":null}},"line":124},"8":{"name":"(anonymous_8)","decl":{"start":{"line":135,"column":31},"end":{"line":135,"column":32}},"loc":{"start":{"line":135,"column":55},"end":{"line":138,"column":null}},"line":135},"9":{"name":"(anonymous_9)","decl":{"start":{"line":140,"column":28},"end":{"line":140,"column":40}},"loc":{"start":{"line":140,"column":40},"end":{"line":279,"column":null}},"line":140},"10":{"name":"(anonymous_10)","decl":{"start":{"line":281,"column":23},"end":{"line":281,"column":24}},"loc":{"start":{"line":281,"column":77},"end":{"line":487,"column":null}},"line":281},"11":{"name":"(anonymous_11)","decl":{"start":{"line":489,"column":26},"end":{"line":489,"column":38}},"loc":{"start":{"line":489,"column":38},"end":{"line":497,"column":null}},"line":489},"12":{"name":"(anonymous_12)","decl":{"start":{"line":500,"column":27},"end":{"line":500,"column":28}},"loc":{"start":{"line":500,"column":53},"end":{"line":508,"column":null}},"line":500},"13":{"name":"(anonymous_13)","decl":{"start":{"line":510,"column":23},"end":{"line":510,"column":29}},"loc":{"start":{"line":510,"column":29},"end":{"line":529,"column":null}},"line":510},"14":{"name":"(anonymous_14)","decl":{"start":{"line":531,"column":25},"end":{"line":531,"column":37}},"loc":{"start":{"line":531,"column":37},"end":{"line":563,"column":null}},"line":531},"15":{"name":"(anonymous_15)","decl":{"start":{"line":565,"column":21},"end":{"line":565,"column":27}},"loc":{"start":{"line":565,"column":27},"end":{"line":895,"column":null}},"line":565},"16":{"name":"(anonymous_16)","decl":{"start":{"line":581,"column":29},"end":{"line":581,"column":30}},"loc":{"start":{"line":581,"column":43},"end":{"line":599,"column":15}},"line":581},"17":{"name":"(anonymous_17)","decl":{"start":{"line":586,"column":29},"end":{"line":586,"column":35}},"loc":{"start":{"line":586,"column":35},"end":{"line":586,"column":null}},"line":586},"18":{"name":"(anonymous_18)","decl":{"start":{"line":623,"column":30},"end":{"line":623,"column":31}},"loc":{"start":{"line":623,"column":37},"end":{"line":623,"column":null}},"line":623},"19":{"name":"(anonymous_19)","decl":{"start":{"line":640,"column":30},"end":{"line":640,"column":31}},"loc":{"start":{"line":640,"column":37},"end":{"line":640,"column":null}},"line":640},"20":{"name":"(anonymous_20)","decl":{"start":{"line":658,"column":32},"end":{"line":658,"column":33}},"loc":{"start":{"line":658,"column":39},"end":{"line":658,"column":null}},"line":658},"21":{"name":"(anonymous_21)","decl":{"start":{"line":690,"column":54},"end":{"line":690,"column":55}},"loc":{"start":{"line":690,"column":61},"end":{"line":690,"column":86}},"line":690},"22":{"name":"(anonymous_22)","decl":{"start":{"line":875,"column":27},"end":{"line":875,"column":33}},"loc":{"start":{"line":875,"column":33},"end":{"line":882,"column":null}},"line":875},"23":{"name":"(anonymous_23)","decl":{"start":{"line":913,"column":33},"end":{"line":913,"column":34}},"loc":{"start":{"line":914,"column":14},"end":{"line":935,"column":null}},"line":914},"24":{"name":"(anonymous_24)","decl":{"start":{"line":966,"column":20},"end":{"line":966,"column":21}},"loc":{"start":{"line":967,"column":10},"end":{"line":984,"column":null}},"line":967}},"branchMap":{"0":{"loc":{"start":{"line":119,"column":4},"end":{"line":121,"column":null}},"type":"if","locations":[{"start":{"line":119,"column":4},"end":{"line":121,"column":null}},{"start":{},"end":{}}],"line":119},"1":{"loc":{"start":{"line":125,"column":4},"end":{"line":132,"column":null}},"type":"if","locations":[{"start":{"line":125,"column":4},"end":{"line":132,"column":null}},{"start":{},"end":{}}],"line":125},"2":{"loc":{"start":{"line":127,"column":6},"end":{"line":130,"column":null}},"type":"if","locations":[{"start":{"line":127,"column":6},"end":{"line":130,"column":null}},{"start":{},"end":{}}],"line":127},"3":{"loc":{"start":{"line":141,"column":4},"end":{"line":141,"column":null}},"type":"if","locations":[{"start":{"line":141,"column":4},"end":{"line":141,"column":null}},{"start":{},"end":{}}],"line":141},"4":{"loc":{"start":{"line":141,"column":8},"end":{"line":141,"column":58}},"type":"binary-expr","locations":[{"start":{"line":141,"column":8},"end":{"line":141,"column":22}},{"start":{"line":141,"column":22},"end":{"line":141,"column":44}},{"start":{"line":141,"column":44},"end":{"line":141,"column":58}}],"line":141},"5":{"loc":{"start":{"line":145,"column":4},"end":{"line":148,"column":null}},"type":"if","locations":[{"start":{"line":145,"column":4},"end":{"line":148,"column":null}},{"start":{},"end":{}}],"line":145},"6":{"loc":{"start":{"line":145,"column":8},"end":{"line":145,"column":69}},"type":"binary-expr","locations":[{"start":{"line":145,"column":8},"end":{"line":145,"column":20}},{"start":{"line":145,"column":20},"end":{"line":145,"column":37}},{"start":{"line":145,"column":37},"end":{"line":145,"column":69}}],"line":145},"7":{"loc":{"start":{"line":164,"column":6},"end":{"line":233,"column":null}},"type":"if","locations":[{"start":{"line":164,"column":6},"end":{"line":233,"column":null}},{"start":{"line":208,"column":13},"end":{"line":233,"column":null}}],"line":164},"8":{"loc":{"start":{"line":166,"column":8},"end":{"line":207,"column":null}},"type":"if","locations":[{"start":{"line":166,"column":8},"end":{"line":207,"column":null}},{"start":{"line":185,"column":15},"end":{"line":207,"column":null}}],"line":166},"9":{"loc":{"start":{"line":174,"column":10},"end":{"line":178,"column":null}},"type":"if","locations":[{"start":{"line":174,"column":10},"end":{"line":178,"column":null}},{"start":{},"end":{}}],"line":174},"10":{"loc":{"start":{"line":198,"column":35},"end":{"line":198,"column":null}},"type":"cond-expr","locations":[{"start":{"line":198,"column":66},"end":{"line":198,"column":88}},{"start":{"line":198,"column":88},"end":{"line":198,"column":null}}],"line":198},"11":{"loc":{"start":{"line":199,"column":12},"end":{"line":202,"column":null}},"type":"if","locations":[{"start":{"line":199,"column":12},"end":{"line":202,"column":null}},{"start":{},"end":{}}],"line":199},"12":{"loc":{"start":{"line":199,"column":16},"end":{"line":199,"column":98}},"type":"binary-expr","locations":[{"start":{"line":199,"column":16},"end":{"line":199,"column":62}},{"start":{"line":199,"column":62},"end":{"line":199,"column":98}}],"line":199},"13":{"loc":{"start":{"line":210,"column":8},"end":{"line":214,"column":null}},"type":"if","locations":[{"start":{"line":210,"column":8},"end":{"line":214,"column":null}},{"start":{},"end":{}}],"line":210},"14":{"loc":{"start":{"line":220,"column":10},"end":{"line":225,"column":null}},"type":"if","locations":[{"start":{"line":220,"column":10},"end":{"line":225,"column":null}},{"start":{"line":222,"column":17},"end":{"line":225,"column":null}}],"line":220},"15":{"loc":{"start":{"line":235,"column":6},"end":{"line":242,"column":null}},"type":"if","locations":[{"start":{"line":235,"column":6},"end":{"line":242,"column":null}},{"start":{"line":240,"column":13},"end":{"line":242,"column":null}}],"line":235},"16":{"loc":{"start":{"line":235,"column":10},"end":{"line":235,"column":48}},"type":"binary-expr","locations":[{"start":{"line":235,"column":10},"end":{"line":235,"column":27}},{"start":{"line":235,"column":27},"end":{"line":235,"column":48}}],"line":235},"17":{"loc":{"start":{"line":247,"column":6},"end":{"line":254,"column":null}},"type":"if","locations":[{"start":{"line":247,"column":6},"end":{"line":254,"column":null}},{"start":{},"end":{}}],"line":247},"18":{"loc":{"start":{"line":256,"column":27},"end":{"line":256,"column":null}},"type":"cond-expr","locations":[{"start":{"line":256,"column":52},"end":{"line":256,"column":68}},{"start":{"line":256,"column":68},"end":{"line":256,"column":null}}],"line":256},"19":{"loc":{"start":{"line":259,"column":6},"end":{"line":275,"column":null}},"type":"if","locations":[{"start":{"line":259,"column":6},"end":{"line":275,"column":null}},{"start":{"line":266,"column":6},"end":{"line":275,"column":null}}],"line":259},"20":{"loc":{"start":{"line":266,"column":6},"end":{"line":275,"column":null}},"type":"if","locations":[{"start":{"line":266,"column":6},"end":{"line":275,"column":null}},{"start":{"line":273,"column":13},"end":{"line":275,"column":null}}],"line":266},"21":{"loc":{"start":{"line":266,"column":17},"end":{"line":266,"column":85}},"type":"binary-expr","locations":[{"start":{"line":266,"column":17},"end":{"line":266,"column":55}},{"start":{"line":266,"column":55},"end":{"line":266,"column":85}}],"line":266},"22":{"loc":{"start":{"line":284,"column":4},"end":{"line":484,"column":null}},"type":"switch","locations":[{"start":{"line":285,"column":6},"end":{"line":285,"column":null}},{"start":{"line":286,"column":6},"end":{"line":346,"column":null}},{"start":{"line":348,"column":6},"end":{"line":348,"column":null}},{"start":{"line":349,"column":6},"end":{"line":397,"column":null}},{"start":{"line":399,"column":6},"end":{"line":447,"column":null}},{"start":{"line":449,"column":6},"end":{"line":483,"column":null}}],"line":284},"23":{"loc":{"start":{"line":551,"column":6},"end":{"line":557,"column":null}},"type":"if","locations":[{"start":{"line":551,"column":6},"end":{"line":557,"column":null}},{"start":{"line":554,"column":13},"end":{"line":557,"column":null}}],"line":551},"24":{"loc":{"start":{"line":559,"column":47},"end":{"line":559,"column":103}},"type":"cond-expr","locations":[{"start":{"line":559,"column":72},"end":{"line":559,"column":88}},{"start":{"line":559,"column":88},"end":{"line":559,"column":103}}],"line":559},"25":{"loc":{"start":{"line":566,"column":4},"end":{"line":894,"column":null}},"type":"switch","locations":[{"start":{"line":567,"column":6},"end":{"line":601,"column":null}},{"start":{"line":604,"column":6},"end":{"line":678,"column":null}},{"start":{"line":681,"column":6},"end":{"line":736,"column":null}},{"start":{"line":739,"column":6},"end":{"line":802,"column":null}},{"start":{"line":805,"column":6},"end":{"line":889,"column":null}},{"start":{"line":892,"column":6},"end":{"line":893,"column":null}}],"line":566},"26":{"loc":{"start":{"line":650,"column":17},"end":{"line":666,"column":null}},"type":"binary-expr","locations":[{"start":{"line":650,"column":17},"end":{"line":650,"column":null}},{"start":{"line":651,"column":18},"end":{"line":666,"column":null}}],"line":650},"27":{"loc":{"start":{"line":671,"column":28},"end":{"line":671,"column":null}},"type":"binary-expr","locations":[{"start":{"line":671,"column":28},"end":{"line":671,"column":39}},{"start":{"line":671,"column":39},"end":{"line":671,"column":53}},{"start":{"line":671,"column":53},"end":{"line":671,"column":75}},{"start":{"line":671,"column":75},"end":{"line":671,"column":null}}],"line":671},"28":{"loc":{"start":{"line":674,"column":19},"end":{"line":674,"column":null}},"type":"cond-expr","locations":[{"start":{"line":674,"column":29},"end":{"line":674,"column":47}},{"start":{"line":674,"column":47},"end":{"line":674,"column":null}}],"line":674},"29":{"loc":{"start":{"line":697,"column":19},"end":{"line":703,"column":null}},"type":"cond-expr","locations":[{"start":{"line":698,"column":22},"end":{"line":698,"column":null}},{"start":{"line":699,"column":22},"end":{"line":703,"column":null}}],"line":697},"30":{"loc":{"start":{"line":697,"column":19},"end":{"line":697,"column":null}},"type":"binary-expr","locations":[{"start":{"line":697,"column":19},"end":{"line":697,"column":51}},{"start":{"line":697,"column":51},"end":{"line":697,"column":null}}],"line":697},"31":{"loc":{"start":{"line":699,"column":22},"end":{"line":703,"column":null}},"type":"cond-expr","locations":[{"start":{"line":700,"column":22},"end":{"line":700,"column":null}},{"start":{"line":701,"column":22},"end":{"line":703,"column":null}}],"line":699},"32":{"loc":{"start":{"line":699,"column":22},"end":{"line":699,"column":null}},"type":"binary-expr","locations":[{"start":{"line":699,"column":22},"end":{"line":699,"column":55}},{"start":{"line":699,"column":55},"end":{"line":699,"column":null}}],"line":699},"33":{"loc":{"start":{"line":701,"column":22},"end":{"line":703,"column":null}},"type":"cond-expr","locations":[{"start":{"line":702,"column":22},"end":{"line":702,"column":null}},{"start":{"line":703,"column":22},"end":{"line":703,"column":null}}],"line":701},"34":{"loc":{"start":{"line":753,"column":15},"end":{"line":765,"column":null}},"type":"binary-expr","locations":[{"start":{"line":753,"column":15},"end":{"line":753,"column":37}},{"start":{"line":753,"column":37},"end":{"line":753,"column":null}},{"start":{"line":754,"column":16},"end":{"line":765,"column":null}}],"line":753},"35":{"loc":{"start":{"line":763,"column":21},"end":{"line":763,"column":null}},"type":"cond-expr","locations":[{"start":{"line":763,"column":43},"end":{"line":763,"column":58}},{"start":{"line":763,"column":58},"end":{"line":763,"column":null}}],"line":763},"36":{"loc":{"start":{"line":768,"column":15},"end":{"line":785,"column":null}},"type":"binary-expr","locations":[{"start":{"line":768,"column":15},"end":{"line":768,"column":null}},{"start":{"line":769,"column":16},"end":{"line":785,"column":null}}],"line":768},"37":{"loc":{"start":{"line":788,"column":15},"end":{"line":799,"column":null}},"type":"binary-expr","locations":[{"start":{"line":788,"column":15},"end":{"line":788,"column":null}},{"start":{"line":789,"column":16},"end":{"line":799,"column":null}}],"line":788},"38":{"loc":{"start":{"line":918,"column":20},"end":{"line":922,"column":null}},"type":"cond-expr","locations":[{"start":{"line":919,"column":24},"end":{"line":919,"column":null}},{"start":{"line":920,"column":24},"end":{"line":922,"column":null}}],"line":918},"39":{"loc":{"start":{"line":920,"column":24},"end":{"line":922,"column":null}},"type":"cond-expr","locations":[{"start":{"line":921,"column":24},"end":{"line":921,"column":null}},{"start":{"line":922,"column":24},"end":{"line":922,"column":null}}],"line":920},"40":{"loc":{"start":{"line":925,"column":19},"end":{"line":925,"column":null}},"type":"cond-expr","locations":[{"start":{"line":925,"column":40},"end":{"line":925,"column":79}},{"start":{"line":925,"column":79},"end":{"line":925,"column":null}}],"line":925},"41":{"loc":{"start":{"line":927,"column":17},"end":{"line":933,"column":null}},"type":"binary-expr","locations":[{"start":{"line":927,"column":17},"end":{"line":927,"column":null}},{"start":{"line":928,"column":18},"end":{"line":933,"column":null}}],"line":927},"42":{"loc":{"start":{"line":931,"column":22},"end":{"line":931,"column":null}},"type":"cond-expr","locations":[{"start":{"line":931,"column":43},"end":{"line":931,"column":60}},{"start":{"line":931,"column":60},"end":{"line":931,"column":null}}],"line":931},"43":{"loc":{"start":{"line":951,"column":9},"end":{"line":960,"column":null}},"type":"binary-expr","locations":[{"start":{"line":951,"column":9},"end":{"line":951,"column":28}},{"start":{"line":951,"column":28},"end":{"line":951,"column":null}},{"start":{"line":952,"column":10},"end":{"line":960,"column":null}}],"line":951},"44":{"loc":{"start":{"line":980,"column":13},"end":{"line":980,"column":null}},"type":"binary-expr","locations":[{"start":{"line":980,"column":13},"end":{"line":980,"column":41}},{"start":{"line":980,"column":41},"end":{"line":980,"column":null}}],"line":980},"45":{"loc":{"start":{"line":981,"column":13},"end":{"line":981,"column":null}},"type":"binary-expr","locations":[{"start":{"line":981,"column":13},"end":{"line":981,"column":39}},{"start":{"line":981,"column":39},"end":{"line":981,"column":null}}],"line":981},"46":{"loc":{"start":{"line":982,"column":13},"end":{"line":982,"column":null}},"type":"binary-expr","locations":[{"start":{"line":982,"column":13},"end":{"line":982,"column":38}},{"start":{"line":982,"column":38},"end":{"line":982,"column":null}}],"line":982}},"s":{"0":1,"1":1,"2":1,"3":39,"4":39,"5":39,"6":39,"7":39,"8":39,"9":39,"10":39,"11":39,"12":39,"13":39,"14":39,"15":39,"16":39,"17":39,"18":39,"19":1,"20":1,"21":1,"22":1,"23":0,"24":0,"25":0,"26":39,"27":11,"28":11,"29":39,"30":0,"31":0,"32":0,"33":0,"34":0,"35":39,"36":8,"37":8,"38":39,"39":4,"40":0,"41":4,"42":0,"43":0,"44":4,"45":4,"46":4,"47":4,"48":4,"49":1,"50":3,"51":4,"52":3,"53":0,"54":0,"55":0,"56":0,"57":0,"58":0,"59":3,"60":3,"61":3,"62":0,"63":0,"64":0,"65":0,"66":0,"67":1,"68":0,"69":0,"70":0,"71":1,"72":1,"73":1,"74":0,"75":0,"76":1,"77":1,"78":1,"79":1,"80":3,"81":3,"82":3,"83":3,"84":3,"85":0,"86":0,"87":0,"88":0,"89":0,"90":0,"91":0,"92":0,"93":0,"94":0,"95":4,"96":39,"97":3,"98":3,"99":0,"100":0,"101":3,"102":3,"103":0,"104":0,"105":0,"106":0,"107":3,"108":39,"109":1,"110":1,"111":1,"112":0,"113":0,"114":39,"115":0,"116":39,"117":0,"118":0,"119":0,"120":0,"121":0,"122":0,"123":0,"124":0,"125":0,"126":0,"127":39,"128":0,"129":0,"130":0,"131":0,"132":0,"133":0,"134":0,"135":0,"136":0,"137":0,"138":0,"139":0,"140":39,"141":39,"142":13,"143":78,"144":78,"145":8,"146":22,"147":2,"148":4,"149":3,"150":4,"151":8,"152":0,"153":0,"154":0,"155":0,"156":0,"157":0,"158":0,"159":0,"160":0,"161":39,"162":195,"163":1},"f":{"0":39,"1":1,"2":1,"3":0,"4":0,"5":0,"6":11,"7":0,"8":8,"9":4,"10":3,"11":1,"12":0,"13":0,"14":0,"15":39,"16":78,"17":8,"18":2,"19":4,"20":3,"21":8,"22":0,"23":195,"24":1},"b":{"0":[11,0],"1":[0,0],"2":[0,0],"3":[0,4],"4":[4,4,3],"5":[0,4],"6":[4,0,0],"7":[3,1],"8":[0,3],"9":[0,0],"10":[0,0],"11":[0,0],"12":[0,0],"13":[0,1],"14":[0,0],"15":[3,0],"16":[3,3],"17":[0,0],"18":[0,0],"19":[0,0],"20":[0,0],"21":[0,0],"22":[0,0,3,3,0,0],"23":[0,0],"24":[0,0],"25":[13,22,4,0,0,0],"26":[22,17],"27":[22,18,8,6],"28":[4,18],"29":[0,4],"30":[4,4],"31":[4,0],"32":[4,0],"33":[0,0],"34":[0,0,0],"35":[0,0],"36":[0,0],"37":[0,0],"38":[30,165],"39":[39,126],"40":[30,165],"41":[195,156],"42":[30,126],"43":[39,26,26],"44":[1,1],"45":[1,0],"46":[1,0]},"meta":{"lastBranch":47,"lastFunction":25,"lastStatement":164,"seen":{"s:31:53:38:Infinity":0,"s:40:36:83:Infinity":1,"s:91:43:989:Infinity":2,"f:91:43:91:49":0,"s:92:36:92:Infinity":3,"s:93:46:93:Infinity":4,"s:94:30:94:Infinity":5,"s:95:34:95:Infinity":6,"s:96:30:96:Infinity":7,"s:97:48:97:Infinity":8,"s:98:40:98:Infinity":9,"s:99:52:99:Infinity":10,"s:100:48:100:Infinity":11,"s:101:44:101:Infinity":12,"s:102:28:102:Infinity":13,"s:103:48:103:Infinity":14,"s:104:26:104:Infinity":15,"s:105:17:105:Infinity":16,"s:107:21:107:Infinity":17,"s:109:20:116:Infinity":18,"f:109:20:109:21":1,"s:110:15:110:Infinity":19,"s:111:4:111:Infinity":20,"f:111:14:111:15":2,"s:111:24:111:56":21,"s:113:4:115:Infinity":22,"f:113:15:113:21":3,"s:114:6:114:Infinity":23,"f:114:16:114:17":4,"s:114:26:114:65":24,"f:114:38:114:39":5,"s:114:49:114:64":25,"s:118:23:122:Infinity":26,"f:118:23:118:29":6,"b:119:4:121:Infinity:undefined:undefined:undefined:undefined":0,"s:119:4:121:Infinity":27,"s:120:6:120:Infinity":28,"s:124:27:133:Infinity":29,"f:124:27:124:33":7,"b:125:4:132:Infinity:undefined:undefined:undefined:undefined":1,"s:125:4:132:Infinity":30,"b:127:6:130:Infinity:undefined:undefined:undefined:undefined":2,"s:127:6:130:Infinity":31,"s:128:8:128:Infinity":32,"s:129:8:129:Infinity":33,"s:131:6:131:Infinity":34,"s:135:31:138:Infinity":35,"f:135:31:135:32":8,"s:136:4:136:Infinity":36,"s:137:4:137:Infinity":37,"s:140:28:279:Infinity":38,"f:140:28:140:40":9,"b:141:4:141:Infinity:undefined:undefined:undefined:undefined":3,"s:141:4:141:Infinity":39,"b:141:8:141:22:141:22:141:44:141:44:141:58":4,"s:141:58:141:Infinity":40,"b:145:4:148:Infinity:undefined:undefined:undefined:undefined":5,"s:145:4:148:Infinity":41,"b:145:8:145:20:145:20:145:37:145:37:145:69":6,"s:146:6:146:Infinity":42,"s:147:6:147:Infinity":43,"s:150:4:150:Infinity":44,"s:151:4:278:Infinity":45,"s:153:25:153:Infinity":46,"s:156:6:162:Infinity":47,"s:157:8:157:Infinity":48,"s:158:8:158:Infinity":49,"s:161:8:161:Infinity":50,"b:164:6:233:Infinity:208:13:233:Infinity":7,"s:164:6:233:Infinity":51,"b:166:8:207:Infinity:185:15:207:Infinity":8,"s:166:8:207:Infinity":52,"s:168:29:172:Infinity":53,"b:174:10:178:Infinity:undefined:undefined:undefined:undefined":9,"s:174:10:178:Infinity":54,"s:176:12:176:Infinity":55,"s:177:12:177:Infinity":56,"s:181:10:181:Infinity":57,"s:184:10:184:Infinity":58,"s:187:10:206:Infinity":59,"s:188:12:191:Infinity":60,"s:195:12:195:Infinity":61,"s:198:35:198:Infinity":62,"b:198:66:198:88:198:88:198:Infinity":10,"b:199:12:202:Infinity:undefined:undefined:undefined:undefined":11,"s:199:12:202:Infinity":63,"b:199:16:199:62:199:62:199:98":12,"s:201:14:201:Infinity":64,"s:204:12:204:Infinity":65,"s:205:12:205:Infinity":66,"b:210:8:214:Infinity:undefined:undefined:undefined:undefined":13,"s:210:8:214:Infinity":67,"s:211:10:211:Infinity":68,"s:212:10:212:Infinity":69,"s:213:10:213:Infinity":70,"s:217:8:232:Infinity":71,"s:218:28:218:Infinity":72,"b:220:10:225:Infinity:222:17:225:Infinity":14,"s:220:10:225:Infinity":73,"s:221:12:221:Infinity":74,"s:224:12:224:Infinity":75,"s:228:10:228:Infinity":76,"s:229:10:229:Infinity":77,"s:230:10:230:Infinity":78,"s:231:10:231:Infinity":79,"b:235:6:242:Infinity:240:13:242:Infinity":15,"s:235:6:242:Infinity":80,"b:235:10:235:27:235:27:235:48":16,"s:236:8:236:Infinity":81,"s:237:8:237:Infinity":82,"s:238:8:238:Infinity":83,"s:239:8:239:Infinity":84,"s:241:8:241:Infinity":85,"s:244:6:244:Infinity":86,"b:247:6:254:Infinity:undefined:undefined:undefined:undefined":17,"s:247:6:254:Infinity":87,"s:248:8:253:Infinity":88,"s:256:27:256:Infinity":89,"b:256:52:256:68:256:68:256:Infinity":18,"b:259:6:275:Infinity:266:6:275:Infinity":19,"s:259:6:275:Infinity":90,"s:260:8:265:Infinity":91,"b:266:6:275:Infinity:273:13:275:Infinity":20,"s:266:6:275:Infinity":92,"b:266:17:266:55:266:55:266:85":21,"s:267:8:272:Infinity":93,"s:274:8:274:Infinity":94,"s:277:6:277:Infinity":95,"s:281:23:487:Infinity":96,"f:281:23:281:24":10,"s:282:15:282:Infinity":97,"b:285:6:285:Infinity:286:6:346:Infinity:348:6:348:Infinity:349:6:397:Infinity:399:6:447:Infinity:449:6:483:Infinity":22,"s:284:4:484:Infinity":98,"s:287:8:297:Infinity":99,"s:346:8:346:Infinity":100,"s:350:8:357:Infinity":101,"s:397:8:397:Infinity":102,"s:400:8:405:Infinity":103,"s:447:8:447:Infinity":104,"s:450:8:455:Infinity":105,"s:483:8:483:Infinity":106,"s:486:4:486:Infinity":107,"s:489:26:497:Infinity":108,"f:489:26:489:38":11,"s:490:4:496:Infinity":109,"s:491:6:491:Infinity":110,"s:492:6:492:Infinity":111,"s:494:6:494:Infinity":112,"s:495:6:495:Infinity":113,"s:500:27:508:Infinity":114,"f:500:27:500:28":12,"s:503:4:507:Infinity":115,"s:510:23:529:Infinity":116,"f:510:23:510:29":13,"s:511:49:518:Infinity":117,"s:520:25:520:Infinity":118,"s:521:21:521:Infinity":119,"s:522:17:522:Infinity":120,"s:523:16:523:Infinity":121,"s:524:14:524:Infinity":122,"s:525:4:525:Infinity":123,"s:526:4:526:Infinity":124,"s:527:4:527:Infinity":125,"s:528:4:528:Infinity":126,"s:531:25:563:Infinity":127,"f:531:25:531:37":14,"s:532:4:532:Infinity":128,"s:533:4:533:Infinity":129,"s:534:4:534:Infinity":130,"s:536:4:562:Infinity":131,"s:538:23:549:Infinity":132,"b:551:6:557:Infinity:554:13:557:Infinity":23,"s:551:6:557:Infinity":133,"s:552:8:552:Infinity":134,"s:553:8:553:Infinity":135,"s:555:22:555:Infinity":136,"s:556:8:556:Infinity":137,"s:559:6:559:Infinity":138,"b:559:72:559:88:559:88:559:103":24,"s:561:6:561:Infinity":139,"s:565:21:895:Infinity":140,"f:565:21:565:27":15,"b:567:6:601:Infinity:604:6:678:Infinity:681:6:736:Infinity:739:6:802:Infinity:805:6:889:Infinity:892:6:893:Infinity":25,"s:566:4:894:Infinity":141,"s:568:8:601:Infinity":142,"f:581:29:581:30":16,"s:582:29:582:Infinity":143,"s:583:16:597:Infinity":144,"f:586:29:586:35":17,"s:586:35:586:Infinity":145,"s:605:8:678:Infinity":146,"f:623:30:623:31":18,"s:623:37:623:Infinity":147,"f:640:30:640:31":19,"s:640:37:640:Infinity":148,"b:650:17:650:Infinity:651:18:666:Infinity":26,"f:658:32:658:33":20,"s:658:39:658:Infinity":149,"b:671:28:671:39:671:39:671:53:671:53:671:75:671:75:671:Infinity":27,"b:674:29:674:47:674:47:674:Infinity":28,"s:682:8:736:Infinity":150,"f:690:54:690:55":21,"s:690:61:690:86":151,"b:698:22:698:Infinity:699:22:703:Infinity":29,"b:697:19:697:51:697:51:697:Infinity":30,"b:700:22:700:Infinity:701:22:703:Infinity":31,"b:699:22:699:55:699:55:699:Infinity":32,"b:702:22:702:Infinity:703:22:703:Infinity":33,"s:740:8:802:Infinity":152,"b:753:15:753:37:753:37:753:Infinity:754:16:765:Infinity":34,"b:763:43:763:58:763:58:763:Infinity":35,"b:768:15:768:Infinity:769:16:785:Infinity":36,"b:788:15:788:Infinity:789:16:799:Infinity":37,"s:806:8:889:Infinity":153,"f:875:27:875:33":22,"s:876:20:876:Infinity":154,"s:877:20:877:Infinity":155,"s:878:20:878:Infinity":156,"s:879:20:879:Infinity":157,"s:880:20:880:Infinity":158,"s:881:20:881:Infinity":159,"s:893:8:893:Infinity":160,"s:897:2:987:Infinity":161,"f:913:33:913:34":23,"s:914:14:935:Infinity":162,"b:919:24:919:Infinity:920:24:922:Infinity":38,"b:921:24:921:Infinity:922:24:922:Infinity":39,"b:925:40:925:79:925:79:925:Infinity":40,"b:927:17:927:Infinity:928:18:933:Infinity":41,"b:931:43:931:60:931:60:931:Infinity":42,"b:951:9:951:28:951:28:951:Infinity:952:10:960:Infinity":43,"f:966:20:966:21":24,"s:967:10:984:Infinity":163,"b:980:13:980:41:980:41:980:Infinity":44,"b:981:13:981:39:981:39:981:Infinity":45,"b:982:13:982:38:982:38:982:Infinity":46}}}
}
