TN:
SF:src\config.ts
FN:3,(anonymous_0)
FN:13,(anonymous_1)
FN:25,(anonymous_2)
FN:40,(anonymous_3)
FN:43,(anonymous_4)
FN:46,(anonymous_5)
FNF:6
FNH:3
FNDA:1,(anonymous_0)
FNDA:1,(anonymous_1)
FNDA:1,(anonymous_2)
FNDA:0,(anonymous_3)
FNDA:0,(anonymous_4)
FNDA:0,(anonymous_5)
DA:3,1
DA:5,1
DA:6,0
DA:10,1
DA:13,1
DA:15,1
DA:18,0
DA:22,1
DA:25,1
DA:27,1
DA:28,0
DA:29,0
DA:31,0
DA:35,1
DA:39,1
DA:41,0
DA:44,0
DA:47,0
LF:18
LH:10
BRDA:5,0,0,0
BRDA:5,0,1,1
BRDA:15,1,0,0
BRDA:15,1,1,1
BRDA:27,2,0,0
BRDA:27,2,1,1
BRDA:28,3,0,0
BRDA:28,3,1,0
BRF:8
BRH:3
end_of_record
TN:
SF:src\pages\IntegrationWizard.tsx
FN:91,(anonymous_0)
FN:109,(anonymous_1)
FN:111,(anonymous_2)
FN:113,(anonymous_3)
FN:114,(anonymous_4)
FN:114,(anonymous_5)
FN:118,(anonymous_6)
FN:124,(anonymous_7)
FN:135,(anonymous_8)
FN:140,(anonymous_9)
FN:281,(anonymous_10)
FN:489,(anonymous_11)
FN:500,(anonymous_12)
FN:510,(anonymous_13)
FN:531,(anonymous_14)
FN:565,(anonymous_15)
FN:581,(anonymous_16)
FN:586,(anonymous_17)
FN:623,(anonymous_18)
FN:640,(anonymous_19)
FN:658,(anonymous_20)
FN:690,(anonymous_21)
FN:875,(anonymous_22)
FN:913,(anonymous_23)
FN:966,(anonymous_24)
FNF:25
FNH:17
FNDA:39,(anonymous_0)
FNDA:1,(anonymous_1)
FNDA:1,(anonymous_2)
FNDA:0,(anonymous_3)
FNDA:0,(anonymous_4)
FNDA:0,(anonymous_5)
FNDA:11,(anonymous_6)
FNDA:0,(anonymous_7)
FNDA:8,(anonymous_8)
FNDA:4,(anonymous_9)
FNDA:3,(anonymous_10)
FNDA:1,(anonymous_11)
FNDA:0,(anonymous_12)
FNDA:0,(anonymous_13)
FNDA:0,(anonymous_14)
FNDA:39,(anonymous_15)
FNDA:78,(anonymous_16)
FNDA:8,(anonymous_17)
FNDA:2,(anonymous_18)
FNDA:4,(anonymous_19)
FNDA:3,(anonymous_20)
FNDA:8,(anonymous_21)
FNDA:0,(anonymous_22)
FNDA:195,(anonymous_23)
FNDA:1,(anonymous_24)
DA:31,1
DA:40,1
DA:91,1
DA:92,39
DA:93,39
DA:94,39
DA:95,39
DA:96,39
DA:97,39
DA:98,39
DA:99,39
DA:100,39
DA:101,39
DA:102,39
DA:103,39
DA:104,39
DA:105,39
DA:107,39
DA:109,39
DA:110,1
DA:111,1
DA:113,1
DA:114,0
DA:118,39
DA:119,11
DA:120,11
DA:124,39
DA:125,0
DA:127,0
DA:128,0
DA:129,0
DA:131,0
DA:135,39
DA:136,8
DA:137,8
DA:140,39
DA:141,4
DA:145,4
DA:146,0
DA:147,0
DA:150,4
DA:151,4
DA:153,4
DA:156,4
DA:157,4
DA:158,1
DA:161,3
DA:164,4
DA:166,3
DA:168,0
DA:174,0
DA:176,0
DA:177,0
DA:181,0
DA:184,0
DA:187,3
DA:188,3
DA:195,3
DA:198,0
DA:199,0
DA:201,0
DA:204,0
DA:205,0
DA:210,1
DA:211,0
DA:212,0
DA:213,0
DA:217,1
DA:218,1
DA:220,1
DA:221,0
DA:224,0
DA:228,1
DA:229,1
DA:230,1
DA:231,1
DA:235,3
DA:236,3
DA:237,3
DA:238,3
DA:239,3
DA:241,0
DA:244,0
DA:247,0
DA:248,0
DA:256,0
DA:259,0
DA:260,0
DA:266,0
DA:267,0
DA:274,0
DA:277,4
DA:281,39
DA:282,3
DA:284,3
DA:287,0
DA:346,0
DA:350,3
DA:397,3
DA:400,0
DA:447,0
DA:450,0
DA:483,0
DA:486,3
DA:489,39
DA:490,1
DA:491,1
DA:492,1
DA:494,0
DA:495,0
DA:500,39
DA:503,0
DA:510,39
DA:511,0
DA:520,0
DA:521,0
DA:522,0
DA:523,0
DA:524,0
DA:525,0
DA:526,0
DA:527,0
DA:528,0
DA:531,39
DA:532,0
DA:533,0
DA:534,0
DA:536,0
DA:538,0
DA:551,0
DA:552,0
DA:553,0
DA:555,0
DA:556,0
DA:559,0
DA:561,0
DA:565,39
DA:566,39
DA:568,13
DA:582,78
DA:583,78
DA:586,8
DA:605,22
DA:623,2
DA:640,4
DA:658,3
DA:682,4
DA:690,8
DA:740,0
DA:806,0
DA:876,0
DA:877,0
DA:878,0
DA:879,0
DA:880,0
DA:881,0
DA:893,0
DA:897,39
DA:914,195
DA:967,1
LF:160
LH:86
BRDA:119,0,0,11
BRDA:119,0,1,0
BRDA:125,1,0,0
BRDA:125,1,1,0
BRDA:127,2,0,0
BRDA:127,2,1,0
BRDA:141,3,0,0
BRDA:141,3,1,4
BRDA:141,4,0,4
BRDA:141,4,1,4
BRDA:141,4,2,3
BRDA:145,5,0,0
BRDA:145,5,1,4
BRDA:145,6,0,4
BRDA:145,6,1,0
BRDA:145,6,2,0
BRDA:164,7,0,3
BRDA:164,7,1,1
BRDA:166,8,0,0
BRDA:166,8,1,3
BRDA:174,9,0,0
BRDA:174,9,1,0
BRDA:198,10,0,0
BRDA:198,10,1,0
BRDA:199,11,0,0
BRDA:199,11,1,0
BRDA:199,12,0,0
BRDA:199,12,1,0
BRDA:210,13,0,0
BRDA:210,13,1,1
BRDA:220,14,0,0
BRDA:220,14,1,0
BRDA:235,15,0,3
BRDA:235,15,1,0
BRDA:235,16,0,3
BRDA:235,16,1,3
BRDA:247,17,0,0
BRDA:247,17,1,0
BRDA:256,18,0,0
BRDA:256,18,1,0
BRDA:259,19,0,0
BRDA:259,19,1,0
BRDA:266,20,0,0
BRDA:266,20,1,0
BRDA:266,21,0,0
BRDA:266,21,1,0
BRDA:284,22,0,0
BRDA:284,22,1,0
BRDA:284,22,2,3
BRDA:284,22,3,3
BRDA:284,22,4,0
BRDA:284,22,5,0
BRDA:551,23,0,0
BRDA:551,23,1,0
BRDA:559,24,0,0
BRDA:559,24,1,0
BRDA:566,25,0,13
BRDA:566,25,1,22
BRDA:566,25,2,4
BRDA:566,25,3,0
BRDA:566,25,4,0
BRDA:566,25,5,0
BRDA:650,26,0,22
BRDA:650,26,1,17
BRDA:671,27,0,22
BRDA:671,27,1,18
BRDA:671,27,2,8
BRDA:671,27,3,6
BRDA:674,28,0,4
BRDA:674,28,1,18
BRDA:697,29,0,0
BRDA:697,29,1,4
BRDA:697,30,0,4
BRDA:697,30,1,4
BRDA:699,31,0,4
BRDA:699,31,1,0
BRDA:699,32,0,4
BRDA:699,32,1,0
BRDA:701,33,0,0
BRDA:701,33,1,0
BRDA:753,34,0,0
BRDA:753,34,1,0
BRDA:753,34,2,0
BRDA:763,35,0,0
BRDA:763,35,1,0
BRDA:768,36,0,0
BRDA:768,36,1,0
BRDA:788,37,0,0
BRDA:788,37,1,0
BRDA:918,38,0,30
BRDA:918,38,1,165
BRDA:920,39,0,39
BRDA:920,39,1,126
BRDA:925,40,0,30
BRDA:925,40,1,165
BRDA:927,41,0,195
BRDA:927,41,1,156
BRDA:931,42,0,30
BRDA:931,42,1,126
BRDA:951,43,0,39
BRDA:951,43,1,26
BRDA:951,43,2,26
BRDA:980,44,0,1
BRDA:980,44,1,1
BRDA:981,45,0,1
BRDA:981,45,1,0
BRDA:982,46,0,1
BRDA:982,46,1,0
BRF:108
BRH:49
end_of_record
